<?xml version="1.0" encoding="UTF-8"?>
<!-- Generated by org.testng.reporters.JUnitReportReporter -->
<testsuite hostname="ram" failures="0" tests="1" name="com.learnautomation.testcases.LoginTestCRM" time="21.158" errors="0" timestamp="05 Jul 2024 16:31:00 GMT" skipped="0">
  <testcase classname="com.learnautomation.testcases.LoginTestCRM" name="loginApp" time="21.158"/>
</testsuite> <!-- com.learnautomation.testcases.LoginTestCRM -->
